
[0] INFO: CHECK LOCAL:EXIT:SIGNAL ON
[0] INFO: CHECK LOCAL:EXIT:BEFORE_MPI_FINALIZE ON
[0] INFO: CHECK LOCAL:MPI:CALL_FAILED ON
[0] INFO: CHECK LOCAL:MEMORY:OVERLAP ON
[0] INFO: CHECK LOCAL:MEMORY:ILLEGAL_MODIFICATION ON
[0] INFO: CHECK LOCAL:MEMORY:INACCESSIBLE ON
[0] INFO: CHECK LOCAL:REQUEST:ILLEGAL_CALL ON
[0] INFO: CHECK LOCAL:REQUEST:NOT_FREED ON
[0] INFO: CHECK LOCAL:REQUEST:PREMATURE_FREE ON
[0] INFO: CHECK LOCAL:DATATYPE:NOT_FREED ON
[0] INFO: CHECK GLOBAL:DEADLOCK:HARD ON
[0] INFO: CHECK GLOBAL:DEADLOCK:POTENTIAL ON
[0] INFO: CHECK GLOBAL:DEADLOCK:NO_PROGRESS ON
[0] INFO: CHECK GLOBAL:MSG:DATATYPE:MISMATCH ON
[0] INFO: CHECK GLOBAL:MSG:DATA_TRANSMISSION_CORRUPTED ON
[0] INFO: CHECK GLOBAL:MSG:PENDING ON
[0] INFO: CHECK GLOBAL:COLLECTIVE:DATATYPE:MISMATCH ON
[0] INFO: CHECK GLOBAL:COLLECTIVE:DATA_TRANSMISSION_CORRUPTED ON
[0] INFO: CHECK GLOBAL:COLLECTIVE:OPERATION_MISMATCH ON
[0] INFO: CHECK GLOBAL:COLLECTIVE:SIZE_MISMATCH ON
[0] INFO: CHECK GLOBAL:COLLECTIVE:REDUCTION_OPERATION_MISMATCH ON
[0] INFO: CHECK GLOBAL:COLLECTIVE:ROOT_MISMATCH ON
[0] INFO: CHECK GLOBAL:COLLECTIVE:INVALID_PARAMETER ON
[0] INFO: CHECK GLOBAL:COLLECTIVE:COMM_FREE_MISMATCH ON
[0] INFO: maximum number of errors before aborting: CHECK-MAX-ERRORS 0 (= unlimited)
[0] INFO: maximum number of reports before aborting: CHECK-MAX-REPORTS 200
[0] INFO: maximum number of times each error is reported: CHECK-SUPPRESSION-LIMIT 100
[0] INFO: timeout for deadlock detection: DEADLOCK-TIMEOUT 20s
[0] INFO: timeout for deadlock warning: DEADLOCK-WARNING 300s
[0] INFO: maximum number of reported pending messages: CHECK-MAX-PENDING 20

[0] INFO: initialization completed successfully
[0] ERROR: no progress observed in any process for over 0:28 minutes, aborting application
[0] WARNING: starting premature shutdown
[0] INFO: stopping threads
[0] INFO: waiting for threads to stop

[0] ERROR: GLOBAL:DEADLOCK:HARD: fatal error
[0] ERROR:    Application aborted because no progress was observed for over 0:28 minutes,
[0] ERROR:    check for real deadlock (cycle of processes waiting for data) or
[0] ERROR:    potential deadlock (processes sending data to each other and getting blocked
[0] ERROR:    because the MPI might wait for the corresponding receive).
[0] ERROR:    [0] no progress observed for over 1:30 minutes, process is currently in MPI call:
[0] ERROR:       MPI_Send(*buf=0x7fbfffea24, count=1, datatype=MPI_CHAR, dest=1, tag=100, comm=MPI_COMM_WORLD)
[0] ERROR:       main (global/deadlock/potential/MPI_Send.c:59)
[0] ERROR:    [1] no progress observed for over 0:28 minutes, process is currently in MPI call:
[0] ERROR:       MPI_Send(*buf=0x7fbfffea24, count=1, datatype=MPI_CHAR, dest=2, tag=100, comm=MPI_COMM_WORLD)
[0] ERROR:       main (global/deadlock/potential/MPI_Send.c:59)
[0] ERROR:    [2] no progress observed for over 0:28 minutes, process is currently in MPI call:
[0] ERROR:       MPI_Send(*buf=0x7fbfffea24, count=1, datatype=MPI_CHAR, dest=3, tag=100, comm=MPI_COMM_WORLD)
[0] ERROR:       main (global/deadlock/potential/MPI_Send.c:59)
[0] ERROR:    [3] no progress observed for over 0:28 minutes, process is currently in MPI call:
[0] ERROR:       MPI_Send(*buf=0x7fbfffea24, count=1, datatype=MPI_CHAR, dest=0, tag=100, comm=MPI_COMM_WORLD)
[0] ERROR:       main (global/deadlock/potential/MPI_Send.c:59)

[0] INFO: GLOBAL:DEADLOCK:HARD: found 1 time (1 error + 0 warnings), 0 reports were suppressed
[0] INFO: Found 1 problem (1 error + 0 warnings), 0 reports were suppressed.

rank 3 in job 1060  knsem010_54351   caused collective abort of all ranks
  exit status of rank 3: killed by signal 9 
rank 2 in job 1060  knsem010_54351   caused collective abort of all ranks
  exit status of rank 2: killed by signal 9 
rank 0 in job 1060  knsem010_54351   caused collective abort of all ranks
  exit status of rank 0: killed by signal 9 
