
[0] INFO: CHECK LOCAL:EXIT:SIGNAL ON
[0] INFO: CHECK LOCAL:EXIT:BEFORE_MPI_FINALIZE ON
[0] INFO: CHECK LOCAL:MPI:CALL_FAILED ON
[0] INFO: CHECK LOCAL:MEMORY:OVERLAP ON
[0] INFO: CHECK LOCAL:MEMORY:ILLEGAL_MODIFICATION ON
[0] INFO: CHECK LOCAL:MEMORY:INACCESSIBLE ON
[0] INFO: CHECK LOCAL:REQUEST:ILLEGAL_CALL ON
[0] INFO: CHECK LOCAL:REQUEST:NOT_FREED ON
[0] INFO: CHECK LOCAL:REQUEST:PREMATURE_FREE ON
[0] INFO: CHECK LOCAL:DATATYPE:NOT_FREED ON
[0] INFO: CHECK GLOBAL:DEADLOCK:HARD ON
[0] INFO: CHECK GLOBAL:DEADLOCK:POTENTIAL ON
[0] INFO: CHECK GLOBAL:DEADLOCK:NO_PROGRESS ON
[0] INFO: CHECK GLOBAL:MSG:DATATYPE:MISMATCH ON
[0] INFO: CHECK GLOBAL:MSG:DATA_TRANSMISSION_CORRUPTED ON
[0] INFO: CHECK GLOBAL:MSG:PENDING ON
[0] INFO: CHECK GLOBAL:COLLECTIVE:DATATYPE:MISMATCH ON
[0] INFO: CHECK GLOBAL:COLLECTIVE:DATA_TRANSMISSION_CORRUPTED ON
[0] INFO: CHECK GLOBAL:COLLECTIVE:OPERATION_MISMATCH ON
[0] INFO: CHECK GLOBAL:COLLECTIVE:SIZE_MISMATCH ON
[0] INFO: CHECK GLOBAL:COLLECTIVE:REDUCTION_OPERATION_MISMATCH ON
[0] INFO: CHECK GLOBAL:COLLECTIVE:ROOT_MISMATCH ON
[0] INFO: CHECK GLOBAL:COLLECTIVE:INVALID_PARAMETER ON
[0] INFO: CHECK GLOBAL:COLLECTIVE:COMM_FREE_MISMATCH ON
[0] INFO: maximum number of errors before aborting: CHECK-MAX-ERRORS 0 (= unlimited)
[0] INFO: maximum number of reports before aborting: CHECK-MAX-REPORTS 200
[0] INFO: maximum number of times each error is reported: CHECK-SUPPRESSION-LIMIT 100
[0] INFO: timeout for deadlock detection: DEADLOCK-TIMEOUT 20s
[0] INFO: timeout for deadlock warning: DEADLOCK-WARNING 300s
[0] INFO: maximum number of reported pending messages: CHECK-MAX-PENDING 20

[0] INFO: initialization completed successfully

[0] ERROR: GLOBAL:COLLECTIVE:ROOT_MISMATCH: error
[0] ERROR:    Root process does not match in the same collective operation.
[0] ERROR:    Collective call by the 2 processes with local ranks [0:2:2] (same as global ranks):
[0] ERROR:       MPI_Bcast(*buffer=0x7fbfffea14, count=1, datatype=MPI_CHAR, root=0, comm=MPI_COMM_WORLD)
[0] ERROR:       main (global/collective/root_mismatch/MPI_Bcast.c:46)
[0] ERROR:    Collective call by the 2 processes with local ranks [1:3:2] (same as global ranks):
[0] ERROR:       MPI_Bcast(*buffer=0x7fbfffea14, count=1, datatype=MPI_CHAR, root=1, comm=MPI_COMM_WORLD)
[0] ERROR:       main (global/collective/root_mismatch/MPI_Bcast.c:46)

[0] INFO: GLOBAL:COLLECTIVE:ROOT_MISMATCH: found 1 time (1 error + 0 warnings), 0 reports were suppressed
[0] INFO: Found 1 problem (1 error + 0 warnings), 0 reports were suppressed.

