
[0] INFO: CHECK LOCAL:EXIT:SIGNAL ON
[0] INFO: CHECK LOCAL:EXIT:BEFORE_MPI_FINALIZE ON
[0] INFO: CHECK LOCAL:MPI:CALL_FAILED ON
[0] INFO: CHECK LOCAL:MEMORY:OVERLAP ON
[0] INFO: CHECK LOCAL:MEMORY:ILLEGAL_MODIFICATION ON
[0] INFO: CHECK LOCAL:MEMORY:INACCESSIBLE ON
[0] INFO: CHECK LOCAL:REQUEST:ILLEGAL_CALL ON
[0] INFO: CHECK LOCAL:REQUEST:NOT_FREED ON
[0] INFO: CHECK LOCAL:REQUEST:PREMATURE_FREE ON
[0] INFO: CHECK LOCAL:DATATYPE:NOT_FREED ON
[0] INFO: CHECK GLOBAL:DEADLOCK:HARD ON
[0] INFO: CHECK GLOBAL:DEADLOCK:POTENTIAL ON
[0] INFO: CHECK GLOBAL:DEADLOCK:NO_PROGRESS ON
[0] INFO: CHECK GLOBAL:MSG:DATATYPE:MISMATCH ON
[0] INFO: CHECK GLOBAL:MSG:DATA_TRANSMISSION_CORRUPTED ON
[0] INFO: CHECK GLOBAL:MSG:PENDING ON
[0] INFO: CHECK GLOBAL:COLLECTIVE:DATATYPE:MISMATCH ON
[0] INFO: CHECK GLOBAL:COLLECTIVE:DATA_TRANSMISSION_CORRUPTED ON
[0] INFO: CHECK GLOBAL:COLLECTIVE:OPERATION_MISMATCH ON
[0] INFO: CHECK GLOBAL:COLLECTIVE:SIZE_MISMATCH ON
[0] INFO: CHECK GLOBAL:COLLECTIVE:REDUCTION_OPERATION_MISMATCH ON
[0] INFO: CHECK GLOBAL:COLLECTIVE:ROOT_MISMATCH ON
[0] INFO: CHECK GLOBAL:COLLECTIVE:INVALID_PARAMETER ON
[0] INFO: CHECK GLOBAL:COLLECTIVE:COMM_FREE_MISMATCH ON
[0] INFO: maximum number of errors before aborting: CHECK-MAX-ERRORS 0 (= unlimited)
[0] INFO: maximum number of reports before aborting: CHECK-MAX-REPORTS 200
[0] INFO: maximum number of times each error is reported: CHECK-SUPPRESSION-LIMIT 100
[0] INFO: timeout for deadlock detection: DEADLOCK-TIMEOUT 20s
[0] INFO: timeout for deadlock warning: DEADLOCK-WARNING 300s
[0] INFO: maximum number of reported pending messages: CHECK-MAX-PENDING 20

[0] INFO: initialization completed successfully

[0] WARNING: LOCAL:MEMORY:OVERLAP: warning
[0] WARNING:    New send buffer overlaps with currently active send buffer at address 0x7fbfffea24.
[0] WARNING:    Control over active buffer was transferred to MPI at:
[0] WARNING:       MPI_Isend(*buf=0x7fbfffea24, count=1, datatype=MPI_CHAR, dest=1, tag=100, comm=MPI_COMM_WORLD, *request=0xaefca0)
[0] WARNING:       main (local/memory/overlap/MPI_Isend.c:62)
[0] WARNING:    Control over new buffer is about to be transferred to MPI at:
[0] WARNING:       MPI_Isend(*buf=0x7fbfffea24, count=1, datatype=MPI_CHAR, dest=2, tag=100, comm=MPI_COMM_WORLD, *request=0xaefca4)
[0] WARNING:       main (local/memory/overlap/MPI_Isend.c:62)

[0] WARNING: LOCAL:MEMORY:OVERLAP: warning
[0] WARNING:    New send buffer overlaps with currently active send buffer at address 0x7fbfffea24.
[0] WARNING:    Control over active buffer was transferred to MPI at:
[0] WARNING:       MPI_Isend(*buf=0x7fbfffea24, count=1, datatype=MPI_CHAR, dest=1, tag=100, comm=MPI_COMM_WORLD, *request=0xaefca0)
[0] WARNING:       main (local/memory/overlap/MPI_Isend.c:62)
[0] WARNING:    Control over new buffer is about to be transferred to MPI at:
[0] WARNING:       MPI_Isend(*buf=0x7fbfffea24, count=1, datatype=MPI_CHAR, dest=3, tag=100, comm=MPI_COMM_WORLD, *request=0xaefca8)
[0] WARNING:       main (local/memory/overlap/MPI_Isend.c:62)

[0] WARNING: LOCAL:MEMORY:OVERLAP: warning
[0] WARNING:    New send buffer overlaps with currently active send buffer at address 0x7fbfffea24.
[0] WARNING:    Control over active buffer was transferred to MPI at:
[0] WARNING:       MPI_Isend(*buf=0x7fbfffea24, count=1, datatype=MPI_CHAR, dest=2, tag=100, comm=MPI_COMM_WORLD, *request=0xaefca4)
[0] WARNING:       main (local/memory/overlap/MPI_Isend.c:62)
[0] WARNING:    Control over new buffer is about to be transferred to MPI at:
[0] WARNING:       MPI_Isend(*buf=0x7fbfffea24, count=1, datatype=MPI_CHAR, dest=3, tag=100, comm=MPI_COMM_WORLD, *request=0xaefca8)
[0] WARNING:       main (local/memory/overlap/MPI_Isend.c:62)

[0] INFO: LOCAL:MEMORY:OVERLAP: found 3 times (0 errors + 3 warnings), 0 reports were suppressed
[0] INFO: Found 3 problems (0 errors + 3 warnings), 0 reports were suppressed.

