
[0] INFO: CHECK LOCAL:EXIT:SIGNAL ON
[0] INFO: CHECK LOCAL:EXIT:BEFORE_MPI_FINALIZE ON
[0] INFO: CHECK LOCAL:MPI:CALL_FAILED ON
[0] INFO: CHECK LOCAL:MEMORY:OVERLAP ON
[0] INFO: CHECK LOCAL:MEMORY:ILLEGAL_MODIFICATION ON
[0] INFO: CHECK LOCAL:MEMORY:INACCESSIBLE ON
[0] INFO: CHECK LOCAL:REQUEST:ILLEGAL_CALL ON
[0] INFO: CHECK LOCAL:REQUEST:NOT_FREED ON
[0] INFO: CHECK LOCAL:REQUEST:PREMATURE_FREE ON
[0] INFO: CHECK LOCAL:DATATYPE:NOT_FREED ON
[0] INFO: CHECK GLOBAL:DEADLOCK:HARD ON
[0] INFO: CHECK GLOBAL:DEADLOCK:POTENTIAL ON
[0] INFO: CHECK GLOBAL:DEADLOCK:NO_PROGRESS ON
[0] INFO: CHECK GLOBAL:MSG:DATATYPE:MISMATCH ON
[0] INFO: CHECK GLOBAL:MSG:DATA_TRANSMISSION_CORRUPTED ON
[0] INFO: CHECK GLOBAL:MSG:PENDING ON
[0] INFO: CHECK GLOBAL:COLLECTIVE:DATATYPE:MISMATCH ON
[0] INFO: CHECK GLOBAL:COLLECTIVE:DATA_TRANSMISSION_CORRUPTED ON
[0] INFO: CHECK GLOBAL:COLLECTIVE:OPERATION_MISMATCH ON
[0] INFO: CHECK GLOBAL:COLLECTIVE:SIZE_MISMATCH ON
[0] INFO: CHECK GLOBAL:COLLECTIVE:REDUCTION_OPERATION_MISMATCH ON
[0] INFO: CHECK GLOBAL:COLLECTIVE:ROOT_MISMATCH ON
[0] INFO: CHECK GLOBAL:COLLECTIVE:INVALID_PARAMETER ON
[0] INFO: CHECK GLOBAL:COLLECTIVE:COMM_FREE_MISMATCH ON
[0] INFO: maximum number of errors before aborting: CHECK-MAX-ERRORS 0 (= unlimited)
[0] INFO: maximum number of reports before aborting: CHECK-MAX-REPORTS 200
[0] INFO: maximum number of times each error is reported: CHECK-SUPPRESSION-LIMIT 100
[0] INFO: timeout for deadlock detection: DEADLOCK-TIMEOUT 20s
[0] INFO: timeout for deadlock warning: DEADLOCK-WARNING 300s
[0] INFO: maximum number of reported pending messages: CHECK-MAX-PENDING 20

[0] INFO: initialization completed successfully

[0] ERROR: GLOBAL:MSG:DATATYPE:MISMATCH: error
[0] ERROR:    Datatype signature mismatch.
[0] ERROR:    Data was sent by process [1] at:
[0] ERROR:       MPI_Send(*buf=0x7fbfffea10, count=1, datatype=MPI_CHAR, dest=0, tag=100, comm=MPI_COMM_WORLD)
[0] ERROR:       main (global/msg/datatype_mismatch/send_recv.c:54)
[0] ERROR:    Data was received by process [0] at:
[0] ERROR:       MPI_Recv(*buf=0x7fbfffe9f4, count=1, datatype=MPI_INT, source=1, tag=100, comm=MPI_COMM_WORLD, *status=0x7fbfffe9d0)
[0] ERROR:       main (global/msg/datatype_mismatch/send_recv.c:56)

[2] ERROR: GLOBAL:MSG:DATATYPE:MISMATCH: error
[2] ERROR:    Datatype signature mismatch.
[2] ERROR:    Data was sent by process [3] at:
[2] ERROR:       MPI_Send(*buf=0x7fbfffea10, count=1, datatype=MPI_CHAR, dest=2, tag=100, comm=MPI_COMM_WORLD)
[2] ERROR:       main (global/msg/datatype_mismatch/send_recv.c:54)
[2] ERROR:    Data was received by process [2] at:
[2] ERROR:       MPI_Recv(*buf=0x7fbfffe9f4, count=1, datatype=MPI_INT, source=3, tag=100, comm=MPI_COMM_WORLD, *status=0x7fbfffe9d0)
[2] ERROR:       main (global/msg/datatype_mismatch/send_recv.c:56)

[0] INFO: GLOBAL:MSG:DATATYPE:MISMATCH: found 2 times (2 errors + 0 warnings), 0 reports were suppressed
[0] INFO: Found 2 problems (2 errors + 0 warnings), 0 reports were suppressed.

