
[0] INFO: CHECK LOCAL:EXIT:SIGNAL ON
[0] INFO: CHECK LOCAL:EXIT:BEFORE_MPI_FINALIZE ON
[0] INFO: CHECK LOCAL:MPI:CALL_FAILED ON
[0] INFO: CHECK LOCAL:MEMORY:OVERLAP ON
[0] INFO: CHECK LOCAL:MEMORY:ILLEGAL_MODIFICATION ON
[0] INFO: CHECK LOCAL:MEMORY:INACCESSIBLE ON
[0] INFO: CHECK LOCAL:REQUEST:ILLEGAL_CALL ON
[0] INFO: CHECK LOCAL:REQUEST:NOT_FREED ON
[0] INFO: CHECK LOCAL:REQUEST:PREMATURE_FREE ON
[0] INFO: CHECK LOCAL:DATATYPE:NOT_FREED ON
[0] INFO: CHECK GLOBAL:DEADLOCK:HARD ON
[0] INFO: CHECK GLOBAL:DEADLOCK:POTENTIAL ON
[0] INFO: CHECK GLOBAL:DEADLOCK:NO_PROGRESS ON
[0] INFO: CHECK GLOBAL:MSG:DATATYPE:MISMATCH ON
[0] INFO: CHECK GLOBAL:MSG:DATA_TRANSMISSION_CORRUPTED ON
[0] INFO: CHECK GLOBAL:MSG:PENDING ON
[0] INFO: CHECK GLOBAL:COLLECTIVE:DATATYPE:MISMATCH ON
[0] INFO: CHECK GLOBAL:COLLECTIVE:DATA_TRANSMISSION_CORRUPTED ON
[0] INFO: CHECK GLOBAL:COLLECTIVE:OPERATION_MISMATCH ON
[0] INFO: CHECK GLOBAL:COLLECTIVE:SIZE_MISMATCH ON
[0] INFO: CHECK GLOBAL:COLLECTIVE:REDUCTION_OPERATION_MISMATCH ON
[0] INFO: CHECK GLOBAL:COLLECTIVE:ROOT_MISMATCH ON
[0] INFO: CHECK GLOBAL:COLLECTIVE:INVALID_PARAMETER ON
[0] INFO: CHECK GLOBAL:COLLECTIVE:COMM_FREE_MISMATCH ON
[0] INFO: maximum number of errors before aborting: CHECK-MAX-ERRORS 0 (= unlimited)
[0] INFO: maximum number of reports before aborting: CHECK-MAX-REPORTS 200
[0] INFO: maximum number of times each error is reported: CHECK-SUPPRESSION-LIMIT 100
[0] INFO: timeout for deadlock detection: DEADLOCK-TIMEOUT 20s
[0] INFO: timeout for deadlock warning: DEADLOCK-WARNING 300s
[0] INFO: maximum number of reported pending messages: CHECK-MAX-PENDING 20

[0] INFO: initialization completed successfully

[0] ERROR: LOCAL:MEMORY:ILLEGAL_MODIFICATION: error
[0] ERROR:    Read-only buffer was modified while owned by MPI.
[0] ERROR:    Control over buffer was transferred to MPI at:
[0] ERROR:       MPI_Issend(*buf=0x7fbfffe9fc, count=1, datatype=MPI_CHAR, dest=1, tag=100, comm=MPI_COMM_WORLD, *request=0x7fbfffe9c8)
[0] ERROR:       main (local/memory/illegal_modification/MPI_Issend.c:59)
[0] ERROR:    Modified buffer detected at:
[0] ERROR:       MPI_Waitall(count=2, *array_of_requests=0x7fbfffe9c8, *array_of_statuses=0x7fbfffe9a0)
[0] ERROR:       main (local/memory/illegal_modification/MPI_Issend.c:80)

[1] ERROR: LOCAL:MEMORY:ILLEGAL_MODIFICATION: error
[1] ERROR:    Read-only buffer was modified while owned by MPI.
[1] ERROR:    Control over buffer was transferred to MPI at:
[1] ERROR:       MPI_Issend(*buf=0x7fbfffe9fc, count=1, datatype=MPI_CHAR, dest=0, tag=100, comm=MPI_COMM_WORLD, *request=0x7fbfffe9c8)
[1] ERROR:       main (local/memory/illegal_modification/MPI_Issend.c:59)
[1] ERROR:    Modified buffer detected at:
[1] ERROR:       MPI_Waitall(count=2, *array_of_requests=0x7fbfffe9c8, *array_of_statuses=0x7fbfffe9a0)
[1] ERROR:       main (local/memory/illegal_modification/MPI_Issend.c:80)

[2] ERROR: LOCAL:MEMORY:ILLEGAL_MODIFICATION: error
[2] ERROR:    Read-only buffer was modified while owned by MPI.
[2] ERROR:    Control over buffer was transferred to MPI at:
[2] ERROR:       MPI_Issend(*buf=0x7fbfffe9fc, count=1, datatype=MPI_CHAR, dest=3, tag=100, comm=MPI_COMM_WORLD, *request=0x7fbfffe9c8)
[2] ERROR:       main (local/memory/illegal_modification/MPI_Issend.c:59)
[2] ERROR:    Modified buffer detected at:
[2] ERROR:       MPI_Waitall(count=2, *array_of_requests=0x7fbfffe9c8, *array_of_statuses=0x7fbfffe9a0)
[2] ERROR:       main (local/memory/illegal_modification/MPI_Issend.c:80)

[3] ERROR: LOCAL:MEMORY:ILLEGAL_MODIFICATION: error
[3] ERROR:    Read-only buffer was modified while owned by MPI.
[3] ERROR:    Control over buffer was transferred to MPI at:
[3] ERROR:       MPI_Issend(*buf=0x7fbfffe9fc, count=1, datatype=MPI_CHAR, dest=2, tag=100, comm=MPI_COMM_WORLD, *request=0x7fbfffe9c8)
[3] ERROR:       main (local/memory/illegal_modification/MPI_Issend.c:59)
[3] ERROR:    Modified buffer detected at:
[3] ERROR:       MPI_Waitall(count=2, *array_of_requests=0x7fbfffe9c8, *array_of_statuses=0x7fbfffe9a0)
[3] ERROR:       main (local/memory/illegal_modification/MPI_Issend.c:80)

[0] INFO: LOCAL:MEMORY:ILLEGAL_MODIFICATION: found 4 times (4 errors + 0 warnings), 0 reports were suppressed
[0] INFO: Found 4 problems (4 errors + 0 warnings), 0 reports were suppressed.

