0: 
0: INFO: CHECK LOCAL:EXIT:SIGNAL ON
0: INFO: CHECK LOCAL:EXIT:BEFORE_MPI_FINALIZE ON
0: INFO: CHECK LOCAL:MPI:CALL_FAILED ON
0: INFO: CHECK LOCAL:MEMORY:OVERLAP ON
0: INFO: CHECK LOCAL:MEMORY:ILLEGAL_MODIFICATION ON
0: INFO: CHECK LOCAL:MEMORY:INACCESSIBLE ON
0: INFO: CHECK LOCAL:MEMORY:ILLEGAL_ACCESS ON
0: INFO: CHECK LOCAL:MEMORY:INITIALIZATION ON
0: INFO: CHECK LOCAL:REQUEST:ILLEGAL_CALL ON
0: INFO: CHECK LOCAL:REQUEST:NOT_FREED ON
0: INFO: CHECK LOCAL:REQUEST:PREMATURE_FREE ON
0: INFO: CHECK LOCAL:DATATYPE:NOT_FREED ON
0: INFO: CHECK LOCAL:BUFFER:INSUFFICIENT_BUFFER ON
0: INFO: CHECK GLOBAL:DEADLOCK:HARD ON
0: INFO: CHECK GLOBAL:DEADLOCK:POTENTIAL ON
0: INFO: CHECK GLOBAL:DEADLOCK:NO_PROGRESS ON
0: INFO: CHECK GLOBAL:MSG:DATATYPE:MISMATCH ON
0: INFO: CHECK GLOBAL:MSG:DATA_TRANSMISSION_CORRUPTED ON
0: INFO: CHECK GLOBAL:MSG:PENDING ON
0: INFO: CHECK GLOBAL:COLLECTIVE:DATATYPE:MISMATCH ON
0: INFO: CHECK GLOBAL:COLLECTIVE:DATA_TRANSMISSION_CORRUPTED ON
0: INFO: CHECK GLOBAL:COLLECTIVE:OPERATION_MISMATCH ON
0: INFO: CHECK GLOBAL:COLLECTIVE:SIZE_MISMATCH ON
0: INFO: CHECK GLOBAL:COLLECTIVE:REDUCTION_OPERATION_MISMATCH ON
0: INFO: CHECK GLOBAL:COLLECTIVE:ROOT_MISMATCH ON
0: INFO: CHECK GLOBAL:COLLECTIVE:INVALID_PARAMETER ON
0: INFO: CHECK GLOBAL:COLLECTIVE:COMM_FREE_MISMATCH ON
0: INFO: maximum number of errors before aborting: CHECK-MAX-ERRORS 0 (= unlimited)
0: INFO: maximum number of reports before aborting: CHECK-MAX-REPORTS 200
0: INFO: maximum number of times each error is reported: CHECK-SUPPRESSION-LIMIT 100
0: INFO: timeout for deadlock detection: DEADLOCK-TIMEOUT 20s
0: INFO: timeout for deadlock warning: DEADLOCK-WARNING 300s
0: INFO: maximum number of reported pending messages: CHECK-MAX-PENDING 20
0: 
0: INFO: initialization completed successfully
1: ==25239== Conditional jump or move depends on uninitialised value(s)
1: ==25239==    at 0x41F2C7: checkdefined (valgrind.c:58)
1: ==25239==    by 0x41F354: main (valgrind.c:89)
1: {
1:    <insert a suppression name here>
1:    Memcheck:Cond
1:    fun:checkdefined
1:    fun:main
1: }
1: sending uninitialized data: >= 0
1: 
1: ==25239== 
1: ==25239== Invalid read of size 4
1: ==25239==    at 0x41F393: main (valgrind.c:101)
1: ==25239==  Address 0x7fefffa80 is on thread 1's stack
1: {
1:    <insert a suppression name here>
1:    Memcheck:Addr4
1:    fun:main
1: }
1: ==25239== 
1: ==25239== Invalid write of size 4
1: ==25239==    at 0x41F3A2: main (valgrind.c:102)
1: ==25239==  Address 0x7fefffa80 is on thread 1's stack
1: {
1:    <insert a suppression name here>
1:    Memcheck:Addr4
1:    fun:main
1: }
0: ==25242== Conditional jump or move depends on uninitialised value(s)
0: got data which was initialized by sender: 1
0: 
0: ==25242==    at 0x41F2C7: checkdefined (valgrind.c:58)
0: ==25242==    by 0x41F405: main (valgrind.c:112)
0: {
0:    <insert a suppression name here>
0:    Memcheck:Cond
0:    fun:checkdefined
0:    fun:main
0: }
0: got data which was not initialized by sender: >= 0
0: 
0: bcast data, initialized: 1
0: 
0: ==25242== 
0: ==25242== Conditional jump or move depends on uninitialised value(s)
0: ==25242==    at 0x41F2C7: checkdefined (valgrind.c:58)
0: ==25242==    by 0x41F44D: main (valgrind.c:120)
0: {
1: bcast data, initialized: 1
1: 
0:    <insert a suppression name here>
1: ==25239== 
1: ==25239== Conditional jump or move depends on uninitialised value(s)
1: ==25239==    at 0x41F2C7: checkdefined (valgrind.c:58)
1: ==25239==    by 0x41F44D: main (valgrind.c:120)
1: {
1:    <insert a suppression name here>
1:    Memcheck:Cond
1:    fun:checkdefined
1:    fun:main
1: }
0:    Memcheck:Cond
0:    fun:checkdefined
0:    fun:main
0: }
2: bcast data, initialized: 1
2: 
2: ==25240== Conditional jump or move depends on uninitialised value(s)
2: ==25240==    at 0x41F2C7: checkdefined (valgrind.c:58)
2: ==25240==    by 0x41F44D: main (valgrind.c:120)
2: {
2:    <insert a suppression name here>
2:    Memcheck:Cond
2:    fun:checkdefined
2:    fun:main
2: }
3: bcast data, initialized: 1
3: 
3: ==25241== Conditional jump or move depends on uninitialised value(s)
3: ==25241==    at 0x41F2C7: checkdefined (valgrind.c:58)
3: ==25241==    by 0x41F44D: main (valgrind.c:120)
3: {
3:    <insert a suppression name here>
3:    Memcheck:Cond
3:    fun:checkdefined
3:    fun:main
3: }
1: bcast data, not initialized: >= 0
1: 
0: bcast data, not initialized: >= 0
0: 
3: bcast data, not initialized: >= 0
3: 
2: bcast data, not initialized: >= 0
2: 
0: 
0: INFO: Error checking completed without finding any problems.
0: 
0.12user 0.19system 0:58.00elapsed 0%CPU (0avgtext+0avgdata 0maxresident)k
0inputs+0outputs (0major+7284minor)pagefaults 0swaps
